<?xml version="1.0" encoding="UTF-8"?>
<testng-results ignored="0" total="1" passed="1" failed="0" skipped="0">
  <reporter-output>
  </reporter-output>
  <suite started-at="2018-04-24T12:11:40Z" name="Default suite" finished-at="2018-04-24T12:12:18Z" duration-ms="38007">
    <groups>
    </groups>
    <test started-at="2018-04-24T12:11:40Z" name="Default test" finished-at="2018-04-24T12:12:18Z" duration-ms="38007">
      <class name="Calender">
        <test-method signature="calender()[pri:0, instance:Calender@38e79ae3]" started-at="2018-04-24T12:11:40Z" name="calender" finished-at="2018-04-24T12:12:18Z" duration-ms="37971" status="PASS">
          <reporter-output>
          </reporter-output>
        </test-method> <!-- calender -->
      </class> <!-- Calender -->
    </test> <!-- Default test -->
  </suite> <!-- Default suite -->
</testng-results>
